[13-Aug-2017 11:15:20 Asia/Tokyo] PHP Notice:  Undefined variable: err_msg in /home/ubuntu/workspace/PHP/26/view/index.php on line 25
[13-Aug-2017 11:15:20 Asia/Tokyo] PHP Stack trace:
[13-Aug-2017 11:15:20 Asia/Tokyo] PHP   1. {main}() /home/ubuntu/workspace/PHP/26/view/index.php:0
[13-Aug-2017 11:15:20 Asia/Tokyo] PHP Warning:  Invalid argument supplied for foreach() in /home/ubuntu/workspace/PHP/26/view/index.php on line 25
[13-Aug-2017 11:15:20 Asia/Tokyo] PHP Stack trace:
[13-Aug-2017 11:15:20 Asia/Tokyo] PHP   1. {main}() /home/ubuntu/workspace/PHP/26/view/index.php:0
[13-Aug-2017 11:15:20 Asia/Tokyo] PHP Notice:  Undefined variable: data in /home/ubuntu/workspace/PHP/26/view/index.php on line 30
[13-Aug-2017 11:15:20 Asia/Tokyo] PHP Stack trace:
[13-Aug-2017 11:15:20 Asia/Tokyo] PHP   1. {main}() /home/ubuntu/workspace/PHP/26/view/index.php:0
[13-Aug-2017 11:15:20 Asia/Tokyo] PHP Warning:  Invalid argument supplied for foreach() in /home/ubuntu/workspace/PHP/26/view/index.php on line 30
[13-Aug-2017 11:15:20 Asia/Tokyo] PHP Stack trace:
[13-Aug-2017 11:15:20 Asia/Tokyo] PHP   1. {main}() /home/ubuntu/workspace/PHP/26/view/index.php:0
[13-Aug-2017 11:20:42 Asia/Tokyo] PHP Notice:  Undefined variable: err_msg in /home/ubuntu/workspace/PHP/26/view/index.php on line 29
[13-Aug-2017 11:20:42 Asia/Tokyo] PHP Stack trace:
[13-Aug-2017 11:20:42 Asia/Tokyo] PHP   1. {main}() /home/ubuntu/workspace/PHP/26/view/index.php:0
[13-Aug-2017 11:20:42 Asia/Tokyo] PHP Warning:  Invalid argument supplied for foreach() in /home/ubuntu/workspace/PHP/26/view/index.php on line 29
[13-Aug-2017 11:20:42 Asia/Tokyo] PHP Stack trace:
[13-Aug-2017 11:20:42 Asia/Tokyo] PHP   1. {main}() /home/ubuntu/workspace/PHP/26/view/index.php:0
[13-Aug-2017 11:20:42 Asia/Tokyo] PHP Notice:  Undefined variable: data in /home/ubuntu/workspace/PHP/26/view/index.php on line 34
[13-Aug-2017 11:20:42 Asia/Tokyo] PHP Stack trace:
[13-Aug-2017 11:20:42 Asia/Tokyo] PHP   1. {main}() /home/ubuntu/workspace/PHP/26/view/index.php:0
[13-Aug-2017 11:20:42 Asia/Tokyo] PHP Warning:  Invalid argument supplied for foreach() in /home/ubuntu/workspace/PHP/26/view/index.php on line 34
[13-Aug-2017 11:20:42 Asia/Tokyo] PHP Stack trace:
[13-Aug-2017 11:20:42 Asia/Tokyo] PHP   1. {main}() /home/ubuntu/workspace/PHP/26/view/index.php:0
[13-Aug-2017 11:26:37 Asia/Tokyo] PHP Notice:  Undefined variable: err_msg in /home/ubuntu/workspace/PHP/26/view/index.php on line 29
[13-Aug-2017 11:26:37 Asia/Tokyo] PHP Stack trace:
[13-Aug-2017 11:26:37 Asia/Tokyo] PHP   1. {main}() /home/ubuntu/workspace/PHP/26/view/index.php:0
[13-Aug-2017 11:26:37 Asia/Tokyo] PHP Warning:  Invalid argument supplied for foreach() in /home/ubuntu/workspace/PHP/26/view/index.php on line 29
[13-Aug-2017 11:26:37 Asia/Tokyo] PHP Stack trace:
[13-Aug-2017 11:26:37 Asia/Tokyo] PHP   1. {main}() /home/ubuntu/workspace/PHP/26/view/index.php:0
[13-Aug-2017 11:26:37 Asia/Tokyo] PHP Notice:  Undefined variable: data in /home/ubuntu/workspace/PHP/26/view/index.php on line 34
[13-Aug-2017 11:26:37 Asia/Tokyo] PHP Stack trace:
[13-Aug-2017 11:26:37 Asia/Tokyo] PHP   1. {main}() /home/ubuntu/workspace/PHP/26/view/index.php:0
[13-Aug-2017 11:26:37 Asia/Tokyo] PHP Warning:  Invalid argument supplied for foreach() in /home/ubuntu/workspace/PHP/26/view/index.php on line 34
[13-Aug-2017 11:26:37 Asia/Tokyo] PHP Stack trace:
[13-Aug-2017 11:26:37 Asia/Tokyo] PHP   1. {main}() /home/ubuntu/workspace/PHP/26/view/index.php:0
[13-Aug-2017 11:28:38 Asia/Tokyo] PHP Notice:  Undefined variable: err_msg in /home/ubuntu/workspace/PHP/26/view/index.php on line 32
[13-Aug-2017 11:28:38 Asia/Tokyo] PHP Stack trace:
[13-Aug-2017 11:28:38 Asia/Tokyo] PHP   1. {main}() /home/ubuntu/workspace/PHP/26/view/index.php:0
[13-Aug-2017 11:28:38 Asia/Tokyo] PHP Warning:  Invalid argument supplied for foreach() in /home/ubuntu/workspace/PHP/26/view/index.php on line 32
[13-Aug-2017 11:28:38 Asia/Tokyo] PHP Stack trace:
[13-Aug-2017 11:28:38 Asia/Tokyo] PHP   1. {main}() /home/ubuntu/workspace/PHP/26/view/index.php:0
[13-Aug-2017 11:28:38 Asia/Tokyo] PHP Notice:  Undefined variable: data in /home/ubuntu/workspace/PHP/26/view/index.php on line 37
[13-Aug-2017 11:28:38 Asia/Tokyo] PHP Stack trace:
[13-Aug-2017 11:28:38 Asia/Tokyo] PHP   1. {main}() /home/ubuntu/workspace/PHP/26/view/index.php:0
[13-Aug-2017 11:28:38 Asia/Tokyo] PHP Warning:  Invalid argument supplied for foreach() in /home/ubuntu/workspace/PHP/26/view/index.php on line 37
[13-Aug-2017 11:28:38 Asia/Tokyo] PHP Stack trace:
[13-Aug-2017 11:28:38 Asia/Tokyo] PHP   1. {main}() /home/ubuntu/workspace/PHP/26/view/index.php:0
[13-Aug-2017 11:37:17 Asia/Tokyo] PHP Notice:  Undefined variable: sold_drink_name in /home/ubuntu/workspace/PHP/26/view/result.php on line 23
[13-Aug-2017 11:37:17 Asia/Tokyo] PHP Stack trace:
[13-Aug-2017 11:37:17 Asia/Tokyo] PHP   1. {main}() /home/ubuntu/workspace/PHP/26/view/result.php:0
[13-Aug-2017 11:37:17 Asia/Tokyo] PHP Notice:  Undefined variable: change in /home/ubuntu/workspace/PHP/26/view/result.php on line 24
[13-Aug-2017 11:37:17 Asia/Tokyo] PHP Stack trace:
[13-Aug-2017 11:37:17 Asia/Tokyo] PHP   1. {main}() /home/ubuntu/workspace/PHP/26/view/result.php:0
[13-Aug-2017 13:33:01 Asia/Tokyo] PHP Notice:  Undefined variable: data in /home/ubuntu/workspace/PHP/26/view/tool.php on line 56
[13-Aug-2017 13:33:01 Asia/Tokyo] PHP Stack trace:
[13-Aug-2017 13:33:01 Asia/Tokyo] PHP   1. {main}() /home/ubuntu/workspace/PHP/26/view/tool.php:0
[13-Aug-2017 13:33:01 Asia/Tokyo] PHP Warning:  Invalid argument supplied for foreach() in /home/ubuntu/workspace/PHP/26/view/tool.php on line 56
[13-Aug-2017 13:33:01 Asia/Tokyo] PHP Stack trace:
[13-Aug-2017 13:33:01 Asia/Tokyo] PHP   1. {main}() /home/ubuntu/workspace/PHP/26/view/tool.php:0
[14-Aug-2017 11:36:33 Asia/Tokyo] PHP Notice:  Undefined variable: err_msg in /home/ubuntu/workspace/PHP/26/view/index.php on line 32
[14-Aug-2017 11:36:33 Asia/Tokyo] PHP Stack trace:
[14-Aug-2017 11:36:33 Asia/Tokyo] PHP   1. {main}() /home/ubuntu/workspace/PHP/26/view/index.php:0
[14-Aug-2017 11:36:33 Asia/Tokyo] PHP Warning:  Invalid argument supplied for foreach() in /home/ubuntu/workspace/PHP/26/view/index.php on line 32
[14-Aug-2017 11:36:33 Asia/Tokyo] PHP Stack trace:
[14-Aug-2017 11:36:33 Asia/Tokyo] PHP   1. {main}() /home/ubuntu/workspace/PHP/26/view/index.php:0
[14-Aug-2017 11:36:33 Asia/Tokyo] PHP Notice:  Undefined variable: data in /home/ubuntu/workspace/PHP/26/view/index.php on line 37
[14-Aug-2017 11:36:33 Asia/Tokyo] PHP Stack trace:
[14-Aug-2017 11:36:33 Asia/Tokyo] PHP   1. {main}() /home/ubuntu/workspace/PHP/26/view/index.php:0
[14-Aug-2017 11:36:33 Asia/Tokyo] PHP Warning:  Invalid argument supplied for foreach() in /home/ubuntu/workspace/PHP/26/view/index.php on line 37
[14-Aug-2017 11:36:33 Asia/Tokyo] PHP Stack trace:
[14-Aug-2017 11:36:33 Asia/Tokyo] PHP   1. {main}() /home/ubuntu/workspace/PHP/26/view/index.php:0
[14-Aug-2017 11:38:04 Asia/Tokyo] PHP Notice:  Undefined variable: err_msg in /home/ubuntu/workspace/PHP/26/view/index.php on line 32
[14-Aug-2017 11:38:04 Asia/Tokyo] PHP Stack trace:
[14-Aug-2017 11:38:04 Asia/Tokyo] PHP   1. {main}() /home/ubuntu/workspace/PHP/26/view/index.php:0
[14-Aug-2017 11:38:04 Asia/Tokyo] PHP Warning:  Invalid argument supplied for foreach() in /home/ubuntu/workspace/PHP/26/view/index.php on line 32
[14-Aug-2017 11:38:04 Asia/Tokyo] PHP Stack trace:
[14-Aug-2017 11:38:04 Asia/Tokyo] PHP   1. {main}() /home/ubuntu/workspace/PHP/26/view/index.php:0
[14-Aug-2017 11:38:04 Asia/Tokyo] PHP Notice:  Undefined variable: data in /home/ubuntu/workspace/PHP/26/view/index.php on line 37
[14-Aug-2017 11:38:04 Asia/Tokyo] PHP Stack trace:
[14-Aug-2017 11:38:04 Asia/Tokyo] PHP   1. {main}() /home/ubuntu/workspace/PHP/26/view/index.php:0
[14-Aug-2017 11:38:04 Asia/Tokyo] PHP Warning:  Invalid argument supplied for foreach() in /home/ubuntu/workspace/PHP/26/view/index.php on line 37
[14-Aug-2017 11:38:04 Asia/Tokyo] PHP Stack trace:
[14-Aug-2017 11:38:04 Asia/Tokyo] PHP   1. {main}() /home/ubuntu/workspace/PHP/26/view/index.php:0
[14-Aug-2017 11:39:48 Asia/Tokyo] PHP Notice:  Undefined variable: err_msg in /home/ubuntu/workspace/PHP/26/view/index.php on line 32
[14-Aug-2017 11:39:48 Asia/Tokyo] PHP Stack trace:
[14-Aug-2017 11:39:48 Asia/Tokyo] PHP   1. {main}() /home/ubuntu/workspace/PHP/26/view/index.php:0
[14-Aug-2017 11:39:48 Asia/Tokyo] PHP Warning:  Invalid argument supplied for foreach() in /home/ubuntu/workspace/PHP/26/view/index.php on line 32
[14-Aug-2017 11:39:48 Asia/Tokyo] PHP Stack trace:
[14-Aug-2017 11:39:48 Asia/Tokyo] PHP   1. {main}() /home/ubuntu/workspace/PHP/26/view/index.php:0
[14-Aug-2017 11:39:48 Asia/Tokyo] PHP Notice:  Undefined variable: data in /home/ubuntu/workspace/PHP/26/view/index.php on line 37
[14-Aug-2017 11:39:48 Asia/Tokyo] PHP Stack trace:
[14-Aug-2017 11:39:48 Asia/Tokyo] PHP   1. {main}() /home/ubuntu/workspace/PHP/26/view/index.php:0
[14-Aug-2017 11:39:48 Asia/Tokyo] PHP Warning:  Invalid argument supplied for foreach() in /home/ubuntu/workspace/PHP/26/view/index.php on line 37
[14-Aug-2017 11:39:48 Asia/Tokyo] PHP Stack trace:
[14-Aug-2017 11:39:48 Asia/Tokyo] PHP   1. {main}() /home/ubuntu/workspace/PHP/26/view/index.php:0
[14-Aug-2017 11:40:36 Asia/Tokyo] PHP Notice:  Undefined variable: err_msg in /home/ubuntu/workspace/PHP/26/view/tool.php on line 32
[14-Aug-2017 11:40:36 Asia/Tokyo] PHP Stack trace:
[14-Aug-2017 11:40:36 Asia/Tokyo] PHP   1. {main}() /home/ubuntu/workspace/PHP/26/view/tool.php:0
[14-Aug-2017 11:40:36 Asia/Tokyo] PHP Warning:  Invalid argument supplied for foreach() in /home/ubuntu/workspace/PHP/26/view/tool.php on line 32
[14-Aug-2017 11:40:36 Asia/Tokyo] PHP Stack trace:
[14-Aug-2017 11:40:36 Asia/Tokyo] PHP   1. {main}() /home/ubuntu/workspace/PHP/26/view/tool.php:0
[14-Aug-2017 11:40:36 Asia/Tokyo] PHP Notice:  Undefined variable: cmp_msg in /home/ubuntu/workspace/PHP/26/view/tool.php on line 35
[14-Aug-2017 11:40:36 Asia/Tokyo] PHP Stack trace:
[14-Aug-2017 11:40:36 Asia/Tokyo] PHP   1. {main}() /home/ubuntu/workspace/PHP/26/view/tool.php:0
[14-Aug-2017 11:40:36 Asia/Tokyo] PHP Warning:  Invalid argument supplied for foreach() in /home/ubuntu/workspace/PHP/26/view/tool.php on line 35
[14-Aug-2017 11:40:36 Asia/Tokyo] PHP Stack trace:
[14-Aug-2017 11:40:36 Asia/Tokyo] PHP   1. {main}() /home/ubuntu/workspace/PHP/26/view/tool.php:0
[14-Aug-2017 11:40:36 Asia/Tokyo] PHP Notice:  Undefined variable: data in /home/ubuntu/workspace/PHP/26/view/tool.php on line 67
[14-Aug-2017 11:40:36 Asia/Tokyo] PHP Stack trace:
[14-Aug-2017 11:40:36 Asia/Tokyo] PHP   1. {main}() /home/ubuntu/workspace/PHP/26/view/tool.php:0
[14-Aug-2017 11:40:36 Asia/Tokyo] PHP Warning:  Invalid argument supplied for foreach() in /home/ubuntu/workspace/PHP/26/view/tool.php on line 67
[14-Aug-2017 11:40:36 Asia/Tokyo] PHP Stack trace:
[14-Aug-2017 11:40:36 Asia/Tokyo] PHP   1. {main}() /home/ubuntu/workspace/PHP/26/view/tool.php:0
